C:\USERS\ARIEL\GOOGLE DRIVE\4_\ANáLISIS NUMéRICO\DESARROLLOS\PRACTICA_GRAFICADOR\PRACTICA_GRAFICADOR\DEBUG\PRACTICA_GRAFICADOR.PCH
C:\USERS\ARIEL\GOOGLE DRIVE\4_\ANáLISIS NUMéRICO\DESARROLLOS\PRACTICA_GRAFICADOR\PRACTICA_GRAFICADOR\DEBUG\STDAFX.OBJ
C:\USERS\ARIEL\GOOGLE DRIVE\4_\ANÁLISIS NUMÉRICO\DESARROLLOS\PRACTICA_GRAFICADOR\PRACTICA_GRAFICADOR\DEBUG\VC110.PDB
C:\USERS\ARIEL\GOOGLE DRIVE\4_\ANáLISIS NUMéRICO\DESARROLLOS\PRACTICA_GRAFICADOR\PRACTICA_GRAFICADOR\DEBUG\ASSEMBLYINFO.OBJ
C:\USERS\ARIEL\GOOGLE DRIVE\4_\ANÁLISIS NUMÉRICO\DESARROLLOS\PRACTICA_GRAFICADOR\PRACTICA_GRAFICADOR\DEBUG\ASSEMBLYINFO.OBJ
C:\USERS\ARIEL\GOOGLE DRIVE\4_\ANáLISIS NUMéRICO\DESARROLLOS\PRACTICA_GRAFICADOR\PRACTICA_GRAFICADOR\DEBUG\.NETFRAMEWORK,VERSION=V4.5.ASSEMBLYATTRIBUTES.OBJ
C:\USERS\ARIEL\GOOGLE DRIVE\4_\ANáLISIS NUMéRICO\DESARROLLOS\PRACTICA_GRAFICADOR\PRACTICA_GRAFICADOR\DEBUG\PRACTICA_GRAFICADOR.OBJ
C:\USERS\ARIEL\GOOGLE DRIVE\4_\ANáLISIS NUMéRICO\DESARROLLOS\PRACTICA_GRAFICADOR\DEBUG\PRACTICA_GRAFICADOR.ILK
C:\USERS\ARIEL\GOOGLE DRIVE\4_\ANáLISIS NUMéRICO\DESARROLLOS\PRACTICA_GRAFICADOR\DEBUG\PRACTICA_GRAFICADOR.EXE
C:\USERS\ARIEL\GOOGLE DRIVE\4_\ANÁLISIS NUMÉRICO\DESARROLLOS\PRACTICA_GRAFICADOR\DEBUG\PRACTICA_GRAFICADOR.PDB
C:\Users\Ariel\Google Drive\4_\Análisis Numérico\Desarrollos\practica_graficador\practica_graficador\Debug\practica_graficador.Form1.resources
C:\USERS\ARIEL\GOOGLE DRIVE\4_\ANáLISIS NUMéRICO\DESARROLLOS\PRACTICA_GRAFICADOR\PRACTICA_GRAFICADOR\DEBUG\APP.RES
C:\Users\Ariel\Google Drive\4_\Análisis Numérico\Desarrollos\practica_graficador\practica_graficador\Debug\practica_graficador.vcxproj.GenerateResource.Cache
C:\Users\Ariel\Google Drive\4_\Análisis Numérico\Desarrollos\practica_graficador\practica_graficador\Debug\practica_graficador.vcxprojResolveAssemblyReference.cache
C:\Users\Ariel\Google Drive\4_\Análisis Numérico\Desarrollos\practica_graficador\practica_graficador\Debug\.NETFramework,Version=v4.5.AssemblyAttributes.obj
C:\Users\Ariel\Google Drive\4_\Análisis Numérico\Desarrollos\practica_graficador\practica_graficador\Debug\AssemblyInfo.obj
C:\Users\Ariel\Google Drive\4_\Análisis Numérico\Desarrollos\practica_graficador\practica_graficador\Debug\practica_graficador.obj
C:\Users\Ariel\Google Drive\4_\Análisis Numérico\Desarrollos\practica_graficador\practica_graficador\Debug\stdafx.obj
C:\Users\Ariel\Google Drive\4_\Análisis Numérico\Desarrollos\practica_graficador\practica_graficador\Debug\cl.command.1.tlog
C:\Users\Ariel\Google Drive\4_\Análisis Numérico\Desarrollos\practica_graficador\practica_graficador\Debug\CL.read.1.tlog
C:\Users\Ariel\Google Drive\4_\Análisis Numérico\Desarrollos\practica_graficador\practica_graficador\Debug\CL.write.1.tlog
C:\Users\Ariel\Google Drive\4_\Análisis Numérico\Desarrollos\practica_graficador\practica_graficador\Debug\link.3200-cvtres.read.1.tlog
C:\Users\Ariel\Google Drive\4_\Análisis Numérico\Desarrollos\practica_graficador\practica_graficador\Debug\link.3200-cvtres.write.1.tlog
C:\Users\Ariel\Google Drive\4_\Análisis Numérico\Desarrollos\practica_graficador\practica_graficador\Debug\link.3200-rc.read.1.tlog
C:\Users\Ariel\Google Drive\4_\Análisis Numérico\Desarrollos\practica_graficador\practica_graficador\Debug\link.3200-rc.write.1.tlog
C:\Users\Ariel\Google Drive\4_\Análisis Numérico\Desarrollos\practica_graficador\practica_graficador\Debug\link.3200.read.1.tlog
C:\Users\Ariel\Google Drive\4_\Análisis Numérico\Desarrollos\practica_graficador\practica_graficador\Debug\link.3200.write.1.tlog
C:\Users\Ariel\Google Drive\4_\Análisis Numérico\Desarrollos\practica_graficador\practica_graficador\Debug\link.3324-cvtres.read.1.tlog
C:\Users\Ariel\Google Drive\4_\Análisis Numérico\Desarrollos\practica_graficador\practica_graficador\Debug\link.3324-cvtres.write.1.tlog
C:\Users\Ariel\Google Drive\4_\Análisis Numérico\Desarrollos\practica_graficador\practica_graficador\Debug\link.3324-rc.read.1.tlog
C:\Users\Ariel\Google Drive\4_\Análisis Numérico\Desarrollos\practica_graficador\practica_graficador\Debug\link.3324-rc.write.1.tlog
C:\Users\Ariel\Google Drive\4_\Análisis Numérico\Desarrollos\practica_graficador\practica_graficador\Debug\link.3324.read.1.tlog
C:\Users\Ariel\Google Drive\4_\Análisis Numérico\Desarrollos\practica_graficador\practica_graficador\Debug\link.3324.write.1.tlog
C:\Users\Ariel\Google Drive\4_\Análisis Numérico\Desarrollos\practica_graficador\practica_graficador\Debug\link.3876-cvtres.read.1.tlog
C:\Users\Ariel\Google Drive\4_\Análisis Numérico\Desarrollos\practica_graficador\practica_graficador\Debug\link.3876-cvtres.write.1.tlog
C:\Users\Ariel\Google Drive\4_\Análisis Numérico\Desarrollos\practica_graficador\practica_graficador\Debug\link.3876-rc.read.1.tlog
C:\Users\Ariel\Google Drive\4_\Análisis Numérico\Desarrollos\practica_graficador\practica_graficador\Debug\link.3876-rc.write.1.tlog
C:\Users\Ariel\Google Drive\4_\Análisis Numérico\Desarrollos\practica_graficador\practica_graficador\Debug\link.3876.read.1.tlog
C:\Users\Ariel\Google Drive\4_\Análisis Numérico\Desarrollos\practica_graficador\practica_graficador\Debug\link.3876.write.1.tlog
C:\Users\Ariel\Google Drive\4_\Análisis Numérico\Desarrollos\practica_graficador\practica_graficador\Debug\link.4752-cvtres.read.1.tlog
C:\Users\Ariel\Google Drive\4_\Análisis Numérico\Desarrollos\practica_graficador\practica_graficador\Debug\link.4752-cvtres.write.1.tlog
C:\Users\Ariel\Google Drive\4_\Análisis Numérico\Desarrollos\practica_graficador\practica_graficador\Debug\link.4752-rc.read.1.tlog
C:\Users\Ariel\Google Drive\4_\Análisis Numérico\Desarrollos\practica_graficador\practica_graficador\Debug\link.4752-rc.write.1.tlog
C:\Users\Ariel\Google Drive\4_\Análisis Numérico\Desarrollos\practica_graficador\practica_graficador\Debug\link.4752.read.1.tlog
C:\Users\Ariel\Google Drive\4_\Análisis Numérico\Desarrollos\practica_graficador\practica_graficador\Debug\link.4752.write.1.tlog
C:\Users\Ariel\Google Drive\4_\Análisis Numérico\Desarrollos\practica_graficador\practica_graficador\Debug\link.5636-cvtres.read.1.tlog
C:\Users\Ariel\Google Drive\4_\Análisis Numérico\Desarrollos\practica_graficador\practica_graficador\Debug\link.5636-cvtres.write.1.tlog
C:\Users\Ariel\Google Drive\4_\Análisis Numérico\Desarrollos\practica_graficador\practica_graficador\Debug\link.5636-rc.read.1.tlog
C:\Users\Ariel\Google Drive\4_\Análisis Numérico\Desarrollos\practica_graficador\practica_graficador\Debug\link.5636-rc.write.1.tlog
C:\Users\Ariel\Google Drive\4_\Análisis Numérico\Desarrollos\practica_graficador\practica_graficador\Debug\link.5636.read.1.tlog
C:\Users\Ariel\Google Drive\4_\Análisis Numérico\Desarrollos\practica_graficador\practica_graficador\Debug\link.5636.write.1.tlog
C:\Users\Ariel\Google Drive\4_\Análisis Numérico\Desarrollos\practica_graficador\practica_graficador\Debug\link.5780-cvtres.read.1.tlog
C:\Users\Ariel\Google Drive\4_\Análisis Numérico\Desarrollos\practica_graficador\practica_graficador\Debug\link.5780-cvtres.write.1.tlog
C:\Users\Ariel\Google Drive\4_\Análisis Numérico\Desarrollos\practica_graficador\practica_graficador\Debug\link.5780-rc.read.1.tlog
C:\Users\Ariel\Google Drive\4_\Análisis Numérico\Desarrollos\practica_graficador\practica_graficador\Debug\link.5780-rc.write.1.tlog
C:\Users\Ariel\Google Drive\4_\Análisis Numérico\Desarrollos\practica_graficador\practica_graficador\Debug\link.5780.read.1.tlog
C:\Users\Ariel\Google Drive\4_\Análisis Numérico\Desarrollos\practica_graficador\practica_graficador\Debug\link.5780.write.1.tlog
C:\Users\Ariel\Google Drive\4_\Análisis Numérico\Desarrollos\practica_graficador\practica_graficador\Debug\link.6356-cvtres.read.1.tlog
C:\Users\Ariel\Google Drive\4_\Análisis Numérico\Desarrollos\practica_graficador\practica_graficador\Debug\link.6356-cvtres.write.1.tlog
C:\Users\Ariel\Google Drive\4_\Análisis Numérico\Desarrollos\practica_graficador\practica_graficador\Debug\link.6356-rc.read.1.tlog
C:\Users\Ariel\Google Drive\4_\Análisis Numérico\Desarrollos\practica_graficador\practica_graficador\Debug\link.6356-rc.write.1.tlog
C:\Users\Ariel\Google Drive\4_\Análisis Numérico\Desarrollos\practica_graficador\practica_graficador\Debug\link.6356.read.1.tlog
C:\Users\Ariel\Google Drive\4_\Análisis Numérico\Desarrollos\practica_graficador\practica_graficador\Debug\link.6356.write.1.tlog
C:\Users\Ariel\Google Drive\4_\Análisis Numérico\Desarrollos\practica_graficador\practica_graficador\Debug\link.7176-cvtres.read.1.tlog
C:\Users\Ariel\Google Drive\4_\Análisis Numérico\Desarrollos\practica_graficador\practica_graficador\Debug\link.7176-cvtres.write.1.tlog
C:\Users\Ariel\Google Drive\4_\Análisis Numérico\Desarrollos\practica_graficador\practica_graficador\Debug\link.7176-rc.read.1.tlog
C:\Users\Ariel\Google Drive\4_\Análisis Numérico\Desarrollos\practica_graficador\practica_graficador\Debug\link.7176-rc.write.1.tlog
C:\Users\Ariel\Google Drive\4_\Análisis Numérico\Desarrollos\practica_graficador\practica_graficador\Debug\link.7176.read.1.tlog
C:\Users\Ariel\Google Drive\4_\Análisis Numérico\Desarrollos\practica_graficador\practica_graficador\Debug\link.7176.write.1.tlog
C:\Users\Ariel\Google Drive\4_\Análisis Numérico\Desarrollos\practica_graficador\practica_graficador\Debug\link.7212-cvtres.read.1.tlog
C:\Users\Ariel\Google Drive\4_\Análisis Numérico\Desarrollos\practica_graficador\practica_graficador\Debug\link.7212-cvtres.write.1.tlog
C:\Users\Ariel\Google Drive\4_\Análisis Numérico\Desarrollos\practica_graficador\practica_graficador\Debug\link.7212-rc.read.1.tlog
C:\Users\Ariel\Google Drive\4_\Análisis Numérico\Desarrollos\practica_graficador\practica_graficador\Debug\link.7212-rc.write.1.tlog
C:\Users\Ariel\Google Drive\4_\Análisis Numérico\Desarrollos\practica_graficador\practica_graficador\Debug\link.7212.read.1.tlog
C:\Users\Ariel\Google Drive\4_\Análisis Numérico\Desarrollos\practica_graficador\practica_graficador\Debug\link.7212.write.1.tlog
C:\Users\Ariel\Google Drive\4_\Análisis Numérico\Desarrollos\practica_graficador\practica_graficador\Debug\link.7900-cvtres.read.1.tlog
C:\Users\Ariel\Google Drive\4_\Análisis Numérico\Desarrollos\practica_graficador\practica_graficador\Debug\link.7900-cvtres.write.1.tlog
C:\Users\Ariel\Google Drive\4_\Análisis Numérico\Desarrollos\practica_graficador\practica_graficador\Debug\link.7900-rc.read.1.tlog
C:\Users\Ariel\Google Drive\4_\Análisis Numérico\Desarrollos\practica_graficador\practica_graficador\Debug\link.7900-rc.write.1.tlog
C:\Users\Ariel\Google Drive\4_\Análisis Numérico\Desarrollos\practica_graficador\practica_graficador\Debug\link.7900.read.1.tlog
C:\Users\Ariel\Google Drive\4_\Análisis Numérico\Desarrollos\practica_graficador\practica_graficador\Debug\link.7900.write.1.tlog
C:\Users\Ariel\Google Drive\4_\Análisis Numérico\Desarrollos\practica_graficador\practica_graficador\Debug\link.7972-cvtres.read.1.tlog
C:\Users\Ariel\Google Drive\4_\Análisis Numérico\Desarrollos\practica_graficador\practica_graficador\Debug\link.7972-cvtres.write.1.tlog
C:\Users\Ariel\Google Drive\4_\Análisis Numérico\Desarrollos\practica_graficador\practica_graficador\Debug\link.7972-rc.read.1.tlog
C:\Users\Ariel\Google Drive\4_\Análisis Numérico\Desarrollos\practica_graficador\practica_graficador\Debug\link.7972-rc.write.1.tlog
C:\Users\Ariel\Google Drive\4_\Análisis Numérico\Desarrollos\practica_graficador\practica_graficador\Debug\link.7972.read.1.tlog
C:\Users\Ariel\Google Drive\4_\Análisis Numérico\Desarrollos\practica_graficador\practica_graficador\Debug\link.7972.write.1.tlog
C:\Users\Ariel\Google Drive\4_\Análisis Numérico\Desarrollos\practica_graficador\practica_graficador\Debug\link.command.1.tlog
C:\Users\Ariel\Google Drive\4_\Análisis Numérico\Desarrollos\practica_graficador\practica_graficador\Debug\link.read.1.tlog
C:\Users\Ariel\Google Drive\4_\Análisis Numérico\Desarrollos\practica_graficador\practica_graficador\Debug\link.write.1.tlog
C:\Users\Ariel\Google Drive\4_\Análisis Numérico\Desarrollos\practica_graficador\practica_graficador\Debug\metagen.read.1.tlog
C:\Users\Ariel\Google Drive\4_\Análisis Numérico\Desarrollos\practica_graficador\practica_graficador\Debug\metagen.write.1.tlog
C:\Users\Ariel\Google Drive\4_\Análisis Numérico\Desarrollos\practica_graficador\practica_graficador\Debug\practica_graficador.write.1.tlog
C:\Users\Ariel\Google Drive\4_\Análisis Numérico\Desarrollos\practica_graficador\practica_graficador\Debug\rc.command.1.tlog
C:\Users\Ariel\Google Drive\4_\Análisis Numérico\Desarrollos\practica_graficador\practica_graficador\Debug\rc.read.1.tlog
C:\Users\Ariel\Google Drive\4_\Análisis Numérico\Desarrollos\practica_graficador\practica_graficador\Debug\rc.write.1.tlog
C:\Users\Ariel\Google Drive\4_\Análisis Numérico\Desarrollos\practica_graficador\practica_graficador\Debug\app.res
C:\Users\Ariel\Google Drive\4_\Análisis Numérico\Desarrollos\practica_graficador\practica_graficador\Debug\practica_graficador.pch
C:\Users\Ariel\Google Drive\4_\Análisis Numérico\Desarrollos\practica_graficador\practica_graficador\Debug\vc110.pdb
C:\Users\Ariel\Google Drive\4_\Análisis Numérico\Desarrollos\practica_graficador\practica_graficador\Debug\RSAENH.DLL.bi
C:\Users\Ariel\Google Drive\4_\Análisis Numérico\Desarrollos\practica_graficador\practica_graficador\Debug\TZRES.DLL.bi
C:\Users\Ariel\Google Drive\4_\Análisis Numérico\Desarrollos\practica_graficador\Debug\practica_graficador.pdb
C:\Users\Ariel\Google Drive\4_\Análisis Numérico\Desarrollos\practica_graficador\Debug\practica_graficador.exe
C:\Users\Ariel\Google Drive\4_\Análisis Numérico\Desarrollos\practica_graficador\Debug\practica_graficador.ilk
